<?xml version="1.0" encoding="UTF-8"?>
<!-- Generated by org.testng.reporters.JUnitReportReporter -->
<testsuite hostname="attunepc" name="Personal.directory" tests="4" failures="0" timestamp="3 Nov 2015 10:47:47 GMT" time="134.715" errors="0">
  <testcase name="deleteDirectory" time="18.246" classname="Personal.directory"/>
  <testcase name="EditDirectory" time="22.342" classname="Personal.directory"/>
  <testcase name="searchNameDirectory" time="74.664" classname="Personal.directory"/>
  <testcase name="AddDirectory" time="19.463" classname="Personal.directory"/>
</testsuite> <!-- Personal.directory -->
