<?xml version="1.0" encoding="UTF-8"?>
<!-- Generated by org.testng.reporters.JUnitReportReporter -->
<testsuite hostname="attunepc" name="Social_Collaboration.Activity" tests="1" failures="0" timestamp="17 Aug 2015 11:05:42 GMT" time="32.164" errors="0">
  <testcase name="addMember" time="32.164" classname="Social_Collaboration.Activity"/>
</testsuite> <!-- Social_Collaboration.Activity -->
