<?xml version="1.0" encoding="UTF-8"?>
<!-- Generated by org.testng.reporters.JUnitReportReporter -->
<testsuite hostname="attunepc" name="Utilities.World_Clock" tests="1" failures="0" timestamp="11 Aug 2015 09:39:59 GMT" time="18.142" errors="0">
  <testcase name="setTimeZone" time="18.142" classname="Utilities.World_Clock"/>
</testsuite> <!-- Utilities.World_Clock -->
