<?xml version="1.0" encoding="UTF-8"?>
<!-- Generated by org.testng.reporters.JUnitReportReporter -->
<testsuite hostname="attunepc" name="Meeting.Mistake" tests="2" failures="0" timestamp="15 Aug 2015 10:28:51 GMT" time="16.520" errors="0">
  <testcase name="editCat" time="5.420" classname="Meeting.Mistake"/>
  <testcase name="deleteCat" time="11.100" classname="Meeting.Mistake"/>
</testsuite> <!-- Meeting.Mistake -->
