<?xml version="1.0" encoding="UTF-8"?>
<!-- Generated by org.testng.reporters.JUnitReportReporter -->
<testsuite hostname="attunepc" name="Social_Collaboration.Discussion" tests="2" failures="0" timestamp="13 Aug 2015 07:15:09 GMT" time="65.652" errors="0">
  <testcase name="PublishPost" time="26.313" classname="Social_Collaboration.Discussion"/>
  <testcase name="addNewThread" time="39.339" classname="Social_Collaboration.Discussion"/>
</testsuite> <!-- Social_Collaboration.Discussion -->
