<?xml version="1.0" encoding="UTF-8"?>
<!-- Generated by org.testng.reporters.JUnitReportReporter -->
<testsuite hostname="attunepc" name="Social_Collaboration.Event" tests="1" failures="0" timestamp="24 Aug 2015 10:15:00 GMT" time="29.520" errors="0">
  <testcase name="addEvent" time="29.520" classname="Social_Collaboration.Event"/>
</testsuite> <!-- Social_Collaboration.Event -->
